<?xml version="1.0" encoding="UTF-8"?>

<beans
  	xmlns="http://www.springframework.org/schema/beans"
  	xmlns:xsi="http://www.w3.org/2001/XMLSchema-instance"
  	xmlns:aop="http://www.springframework.org/schema/aop"
  	xmlns:tx="http://www.springframework.org/schema/tx"
    xmlns:graniteds="http://www.graniteds.org/config"
  	xsi:schemaLocation="
    	http://www.springframework.org/schema/beans http://www.springframework.org/schema/beans/spring-beans-3.0.xsd
       	http://www.springframework.org/schema/tx http://www.springframework.org/schema/tx/spring-tx-3.0.xsd
       	http://www.springframework.org/schema/aop http://www.springframework.org/schema/aop/spring-aop-3.0.xsd
        http://www.graniteds.org/config http://www.graniteds.org/public/dtd/3.0.0/granite-config-3.0.xsd">

  	
  	<bean id="dataSource" class="org.springframework.jdbc.datasource.DriverManagerDataSource">
    	<property name="driverClassName">
      		<value>org.h2.Driver</value>
    	</property>
    	<property name="url">
      		<value>jdbc:h2:mem:test-spring;DB_CLOSE_DELAY=-1</value>
    	</property>
    	<property name="username">
      		<value>sa</value>
    	</property>
    	<property name="password">
      		<value></value>
    	</property>
  	</bean>
    
  	<bean id="sessionFactory" class="org.springframework.orm.hibernate4.LocalSessionFactoryBean">
        <property name="dataSource" ref="dataSource" />
        <property name="packagesToScan" value="org.granite.test.tide.data" />
        <property name="hibernateProperties">
            <props>
                <prop key="hibernate.dialect">org.hibernate.dialect.H2Dialect</prop>
                <prop key="hibernate.showSql">true</prop>
                <prop key="hibernate.hbm2ddl.auto">create</prop>
                <prop key="hibernate.generate_statistics">true</prop>
            </props>
        </property>
    </bean>
    
	<bean id="transactionManager" class="org.springframework.orm.hibernate4.HibernateTransactionManager">
	    <property name="sessionFactory" ref="sessionFactory" />
	</bean>
	
    <tx:annotation-driven transaction-manager="transactionManager" mode="proxy" order="1"/>
    
    <graniteds:tide-data-publishing-advice mode="proxy" order="2"/>
    
    <bean id="personService" class="org.granite.test.tide.spring.service.HibernatePersonService">
        <property name="sessionFactory" ref="sessionFactory"/>
    </bean>
    <bean id="jobService" class="org.granite.test.tide.spring.service.HibernateJobService">
        <property name="sessionFactory" ref="sessionFactory"/>
    </bean>
	
</beans>
