<?xml version="1.0" encoding="UTF-8"?>

<beans
  	xmlns="http://www.springframework.org/schema/beans"
  	xmlns:xsi="http://www.w3.org/2001/XMLSchema-instance"
  	xmlns:aop="http://www.springframework.org/schema/aop"
  	xmlns:tx="http://www.springframework.org/schema/tx"
  	xmlns:graniteds="http://www.graniteds.org/config"
  	xsi:schemaLocation="
    	http://www.springframework.org/schema/beans http://www.springframework.org/schema/beans/spring-beans-3.0.xsd
       	http://www.springframework.org/schema/tx http://www.springframework.org/schema/tx/spring-tx-3.0.xsd
       	http://www.springframework.org/schema/aop http://www.springframework.org/schema/aop/spring-aop-3.0.xsd
       	http://www.graniteds.org/config http://www.graniteds.org/public/dtd/3.0.0/granite-config-3.0.xsd">

  	
    <graniteds:tide-data-publishing-advice mode="proxy" order="2"/>
    
    <bean id="params1Service" class="org.granite.test.tide.spring.service.Params1Service"/>
    <bean id="params2Service" class="org.granite.test.tide.spring.service.Params2Service"/>
	
</beans>
